Building DAG of jobs...
Using shell: /usr/bin/bash
Provided cores: 1 (use --cores to define parallelism)
Rules claiming more threads will be scaled down.
Job counts:
	count	jobs
	1	cluster_sequences
	1	download_ppis
	1	download_proteome
	1	identify_endogenous_equivalents
	1	prepare_dataset
	5

[Thu Apr 29 15:13:49 2021]
rule download_proteome:
    output: data/inputs/human_proteome.fasta
    jobid: 2

Terminating processes on user request, this might take some time.
[Thu Apr 29 15:13:54 2021]
Error in rule download_proteome:
    jobid: 2
    output: data/inputs/human_proteome.fasta
    shell:
        julia scripts/download_human_sequences.jl -o data/inputs/human_proteome.fasta
        (one of the commands exited with non-zero exit code; note that snakemake uses bash strict mode!)

Complete log: /HDD/fcharih/Projects/PhD/peptide_screening/.snakemake/log/2021-04-29T151349.169261.snakemake.log
