Building DAG of jobs...
Using shell: /usr/bin/bash
Provided cores: 1 (use --cores to define parallelism)
Rules claiming more threads will be scaled down.
Job counts:
	count	jobs
	1	cluster_sequences
	1	download_ppis
	2

[Sat Apr 17 09:38:57 2021]
rule download_ppis:
    output: data/conservative_interactions.tsv
    jobid: 2

Terminating processes on user request, this might take some time.
[Sat Apr 17 09:39:29 2021]
Error in rule download_ppis:
    jobid: 2
    output: data/conservative_interactions.tsv
    shell:
        julia scripts/download_conservative_interactions.jl -o data/conservative_interactions.tsv
        (one of the commands exited with non-zero exit code; note that snakemake uses bash strict mode!)

Complete log: /HDD/fcharih/Projects/PhD/peptide_screening/.snakemake/log/2021-04-17T093857.738802.snakemake.log
