Building DAG of jobs...
Using shell: /usr/bin/bash
Provided cores: 1 (use --cores to define parallelism)
Rules claiming more threads will be scaled down.
Job counts:
	count	jobs
	1	convert_to_tsv
	1	merge_sequences
	2

[Thu Apr 29 15:57:31 2021]
rule convert_to_tsv:
    input: data/inputs/human_proteome.fasta
    output: data/inputs/human_proteome.tsv
    jobid: 1
    wildcards: sequences=human_proteome

[Thu Apr 29 15:57:34 2021]
Finished job 1.
1 of 2 steps (50%) done

[Thu Apr 29 15:57:34 2021]
rule merge_sequences:
    input: data/inputs/human_proteome.tsv, data/peptides/peptide_sequences.tsv
    output: data/inputs/human_proteome_with_peptides.tsv
    jobid: 0

[Thu Apr 29 15:57:34 2021]
Finished job 0.
2 of 2 steps (100%) done
Complete log: /HDD/fcharih/Projects/PhD/peptide_screening/.snakemake/log/2021-04-29T155731.161212.snakemake.log
