Building DAG of jobs...
Using shell: /usr/bin/bash
Provided cores: 1 (use --cores to define parallelism)
Rules claiming more threads will be scaled down.
Job counts:
	count	jobs
	1	cluster_sequences
	1	download_ppis
	1	download_proteome
	1	identify_endogenous_equivalents
	1	prepare_dataset
	5

[Fri Apr 30 09:58:18 2021]
rule download_proteome:
    output: data/inputs/human_proteome.fasta
    jobid: 2

[Fri Apr 30 09:58:32 2021]
Finished job 2.
1 of 5 steps (20%) done

[Fri Apr 30 09:58:32 2021]
rule identify_endogenous_equivalents:
    input: data/inputs/human_proteome.fasta, data/peptides/peptide_sequences.tsv
    output: data/inputs/endogenous_peptide_equivalents.txt
    jobid: 4

[Fri Apr 30 09:58:57 2021]
Finished job 4.
2 of 5 steps (40%) done

[Fri Apr 30 09:58:57 2021]
rule download_ppis:
    output: data/inputs/conservative_interactions.tsv
    jobid: 3

[Fri Apr 30 09:59:34 2021]
Finished job 3.
3 of 5 steps (60%) done

[Fri Apr 30 09:59:34 2021]
rule cluster_sequences:
    input: data/inputs/human_proteome.fasta, data/inputs/conservative_interactions.tsv
    output: data/inputs/clustered_sequences.fasta
    jobid: 1

