Building DAG of jobs...
Using shell: /usr/bin/bash
Provided cores: 1 (use --cores to define parallelism)
Rules claiming more threads will be scaled down.
Job counts:
	count	jobs
	1	prepare_dataset
	1

[Mon May  3 11:01:24 2021]
rule prepare_dataset:
    input: data/inputs/clustered_sequences.fasta, data/inputs/conservative_interactions.tsv, data/inputs/endogenous_peptide_equivalents.txt
    jobid: 0

[Mon May  3 11:01:37 2021]
Error in rule prepare_dataset:
    jobid: 0
    shell:
        julia scripts/split_pairs.jl -s data/inputs/clustered_sequences.fasta -i data/inputs/conservative_interactions.tsv -d data/inputs/endogenous_peptide_equivalents.txt -o data/inputs/
        (one of the commands exited with non-zero exit code; note that snakemake uses bash strict mode!)

Shutting down, this might take some time.
Exiting because a job execution failed. Look above for error message
Complete log: /HDD/fcharih/Projects/PhD/peptide_screening/.snakemake/log/2021-05-03T110123.997395.snakemake.log
