Building DAG of jobs...
Using shell: /usr/bin/bash
Provided cores: 1 (use --cores to define parallelism)
Rules claiming more threads will be scaled down.
Job counts:
	count	jobs
	1	split_pairs
	1

[Sat Apr 17 10:41:04 2021]
rule split_pairs:
    input: data/clustered_sequences.fasta, data/conservative_interactions.tsv, data/endogenous_peptide_equivalents.txt
    jobid: 0

[Sat Apr 17 10:41:04 2021]
Error in rule split_pairs:
    jobid: 0
    shell:
        julia split_pairs.jl -s data/clustered_sequences.fasta -i data/conservative_interactions.tsv -r data/endogenous_peptide_equivalents.txt -o data/
        (one of the commands exited with non-zero exit code; note that snakemake uses bash strict mode!)

Shutting down, this might take some time.
Exiting because a job execution failed. Look above for error message
Complete log: /HDD/fcharih/Projects/PhD/peptide_screening/.snakemake/log/2021-04-17T104104.087744.snakemake.log
