Building DAG of jobs...
Using shell: /usr/bin/bash
Provided cores: 1 (use --cores to define parallelism)
Rules claiming more threads will be scaled down.
Job counts:
	count	jobs
	1	download_proteome
	1	identify_endogenous_equivalents
	2

[Fri Apr 16 17:42:42 2021]
rule download_proteome:
    output: data/human_proteome.fasta
    jobid: 1

[Fri Apr 16 17:43:19 2021]
Finished job 1.
1 of 2 steps (50%) done

[Fri Apr 16 17:43:19 2021]
rule identify_endogenous_equivalents:
    input: data/human_proteome.fasta, data/peptide_sequences.tsv
    output: data/endogenous_peptide_equivalents.txt
    jobid: 0

[Fri Apr 16 17:43:42 2021]
Finished job 0.
2 of 2 steps (100%) done
Complete log: /HDD/fcharih/Projects/PhD/peptide_screening/.snakemake/log/2021-04-16T174242.158547.snakemake.log
