Building DAG of jobs...
Using shell: /usr/bin/bash
Provided cores: 1 (use --cores to define parallelism)
Rules claiming more threads will be scaled down.
Job counts:
	count	jobs
	1	cluster_sequences
	1	download_ppis
	1	download_proteome
	1	identify_endogenous_equivalents
	1	prepare_dataset
	5

[Thu Apr 29 15:14:19 2021]
rule download_ppis:
    output: data/inputs/conservative_interactions.tsv
    jobid: 3

[Thu Apr 29 15:14:55 2021]
Finished job 3.
1 of 5 steps (20%) done

[Thu Apr 29 15:14:55 2021]
rule download_proteome:
    output: data/inputs/human_proteome.fasta
    jobid: 2

[Thu Apr 29 15:15:07 2021]
Finished job 2.
2 of 5 steps (40%) done

[Thu Apr 29 15:15:07 2021]
rule cluster_sequences:
    input: data/inputs/human_proteome.fasta, data/inputs/conservative_interactions.tsv
    output: data/inputs/clustered_sequences.fasta
    jobid: 1

[Thu Apr 29 15:15:15 2021]
Finished job 1.
3 of 5 steps (60%) done

[Thu Apr 29 15:15:15 2021]
rule identify_endogenous_equivalents:
    input: data/inputs/human_proteome.fasta, data/peptides/peptide_sequences.tsv
    output: data/inputs/endogenous_peptide_equivalents.txt
    jobid: 4

[Thu Apr 29 15:15:39 2021]
Finished job 4.
4 of 5 steps (80%) done

[Thu Apr 29 15:15:39 2021]
rule prepare_dataset:
    input: data/inputs/clustered_sequences.fasta, data/inputs/conservative_interactions.tsv, data/inputs/endogenous_peptide_equivalents.txt
    jobid: 0

[Thu Apr 29 15:37:01 2021]
Finished job 0.
5 of 5 steps (100%) done
Complete log: /HDD/fcharih/Projects/PhD/peptide_screening/.snakemake/log/2021-04-29T151419.329354.snakemake.log
