Building DAG of jobs...
Using shell: /usr/bin/bash
Provided cores: 1 (use --cores to define parallelism)
Rules claiming more threads will be scaled down.
Job counts:
	count	jobs
	1	cluster_sequences
	1	download_ppis
	1	download_proteome
	1	identify_endogenous_equivalents
	1	prepare_dataset
	5

[Thu Apr 29 11:41:09 2021]
rule download_proteome:
    output: data/inputs/human_proteome.fasta
    jobid: 2

[Thu Apr 29 11:41:21 2021]
Finished job 2.
1 of 5 steps (20%) done

[Thu Apr 29 11:41:21 2021]
rule identify_endogenous_equivalents:
    input: data/inputs/human_proteome.fasta, data/peptides/peptide_sequences.tsv
    output: data/inputs/endogenous_peptide_equivalents.txt
    jobid: 4

[Thu Apr 29 11:41:47 2021]
Finished job 4.
2 of 5 steps (40%) done

[Thu Apr 29 11:41:47 2021]
rule download_ppis:
    output: data/inputs/conservative_interactions.tsv
    jobid: 3

[Thu Apr 29 11:47:24 2021]
Finished job 3.
3 of 5 steps (60%) done

[Thu Apr 29 11:47:24 2021]
rule cluster_sequences:
    input: data/inputs/human_proteome.fasta, data/inputs/conservative_interactions.tsv
    output: data/inputs/clustered_sequences.fasta
    jobid: 1

[Thu Apr 29 11:47:32 2021]
Finished job 1.
4 of 5 steps (80%) done

[Thu Apr 29 11:47:32 2021]
rule prepare_dataset:
    input: data/inputs/clustered_sequences.fasta, data/inputs/conservative_interactions.tsv, data/inputs/endogenous_peptide_equivalents.txt
    jobid: 0

[Thu Apr 29 11:47:35 2021]
Error in rule prepare_dataset:
    jobid: 0
    shell:
        julia scripts/split_pairs.jl -s data/inputs/clustered_sequences.fasta -i data/inputs/conservative_interactions.tsv -r data/inputs/endogenous_peptide_equivalents.txt -o data/inputs/
        (one of the commands exited with non-zero exit code; note that snakemake uses bash strict mode!)

Shutting down, this might take some time.
Exiting because a job execution failed. Look above for error message
Complete log: /HDD/fcharih/Projects/PhD/peptide_screening/.snakemake/log/2021-04-29T114109.269551.snakemake.log
