Building DAG of jobs...
Using shell: /usr/bin/bash
Provided cores: 1 (use --cores to define parallelism)
Rules claiming more threads will be scaled down.
Job counts:
	count	jobs
	1	cluster_sequences
	1	download_ppis
	2

[Sat Apr 17 10:30:47 2021]
rule download_ppis:
    output: data/conservative_interactions.tsv
    jobid: 2

[Sat Apr 17 10:31:27 2021]
Finished job 2.
1 of 2 steps (50%) done

[Sat Apr 17 10:31:27 2021]
rule cluster_sequences:
    input: data/human_proteome.fasta, data/conservative_interactions.tsv
    output: data/clustered_sequences.fasta
    jobid: 0

[Sat Apr 17 10:31:34 2021]
Finished job 0.
2 of 2 steps (100%) done
Complete log: /HDD/fcharih/Projects/PhD/peptide_screening/.snakemake/log/2021-04-17T103047.526751.snakemake.log
