Building DAG of jobs...
Using shell: /usr/bin/bash
Provided cores: 1 (use --cores to define parallelism)
Rules claiming more threads will be scaled down.
Job counts:
	count	jobs
	1	download_proteome
	1

[Fri Apr 16 16:57:51 2021]
rule download_proteome:
    output: data/human_proteome.fasta
    jobid: 0

[Fri Apr 16 16:58:49 2021]
Error in rule download_proteome:
    jobid: 0
    output: data/human_proteome.fasta
    shell:
        julia scripts/download_human_sequences.jl -o data/human_proteome.fasta
        (one of the commands exited with non-zero exit code; note that snakemake uses bash strict mode!)

Shutting down, this might take some time.
Exiting because a job execution failed. Look above for error message
Complete log: /HDD/fcharih/Projects/PhD/peptide_screening/.snakemake/log/2021-04-16T165751.589993.snakemake.log
